unique.race
human.race
elf.race
dwarf.race
giant.race
orc.race
troll.race
snake.race
hobbit.race
drow.race
vampire.race
lycanthrope.race
zombie.race
tigguan.race
bat.race
bear.race
cat.race
dog.race
dragon.race
doll.race
fido.race
fox.race
hobgoblin.race
kobold.race
lizard.race
modron.race
pig.race
rabbit.race
schoolmonster.race
songbird.race
waterfowl.race
wolf.race
wyvern.race
centaur.race
fish.race
minotaur.race
ghost.race
horse.race
elemental.race
elemental_fire.race
elemental_water.race
elemental_earth.race
elemental_air.race
elemental_ice.race
golem.race
skeleton.race
centipede.race
insect.race
spider.race
worm.race
undead.race
demon.race
angel.race
gnome.race
mammal.race
humanoid.race
bird.race
tree.race
griffon.race
hum_ghost.race
plant.race
goblin.race
$
